The target system is: Generic -  - 
The host system is: Linux - 5.15.90.1-microsoft-standard-WSL2+ - x86_64
Compiling the C compiler identification source file "CMakeCCompilerId.c" succeeded.
Compiler: /usr/bin/avr-gcc 
Build flags: 
Id flags:  

The output was:
0


Compilation of the C compiler identification source "CMakeCCompilerId.c" produced "a.out"

The C compiler identification is GNU, found in "/home/t0ti20/Desktop/VS-Code/GitHub/SOCs_Drivers/ATmega_32/ATmega_32/build/CMakeFiles/3.22.1/CompilerIdC/a.out"

Compiling the CXX compiler identification source file "CMakeCXXCompilerId.cpp" succeeded.
Compiler: /usr/bin/avr-g++ 
Build flags: 
Id flags:  

The output was:
0


Compilation of the CXX compiler identification source "CMakeCXXCompilerId.cpp" produced "a.out"

The CXX compiler identification is GNU, found in "/home/t0ti20/Desktop/VS-Code/GitHub/SOCs_Drivers/ATmega_32/ATmega_32/build/CMakeFiles/3.22.1/CompilerIdCXX/a.out"

Checking whether the ASM compiler is GNU using "--version" matched "(GNU assembler)|(GCC)|(Free Software Foundation)":
avr-gcc (GCC) 5.4.0
Copyright (C) 2015 Free Software Foundation, Inc.
This is free software; see the source for copying conditions.  There is NO
warranty; not even for MERCHANTABILITY or FITNESS FOR A PARTICULAR PURPOSE.

Detecting C compiler ABI info compiled with the following output:
Change Dir: /home/t0ti20/Desktop/VS-Code/GitHub/SOCs_Drivers/ATmega_32/ATmega_32/build/CMakeFiles/CMakeTmp

Run Build Command(s):/usr/bin/gmake -f Makefile cmTC_ce21e/fast && /usr/bin/gmake  -f CMakeFiles/cmTC_ce21e.dir/build.make CMakeFiles/cmTC_ce21e.dir/build
gmake[1]: Entering directory '/home/t0ti20/Desktop/VS-Code/GitHub/SOCs_Drivers/ATmega_32/ATmega_32/build/CMakeFiles/CMakeTmp'
Building C object CMakeFiles/cmTC_ce21e.dir/CMakeCCompilerABI.c.obj
/usr/bin/avr-gcc   -v -o CMakeFiles/cmTC_ce21e.dir/CMakeCCompilerABI.c.obj -c /usr/share/cmake-3.22/Modules/CMakeCCompilerABI.c
Using built-in specs.
Reading specs from /usr/lib/gcc/avr/5.4.0/device-specs/specs-avr2
COLLECT_GCC=/usr/bin/avr-gcc
Target: avr
Configured with: ../gcc/configure -v --enable-languages=c,c++ --prefix=/usr/lib --infodir=/usr/share/info --mandir=/usr/share/man --bindir=/usr/bin --libexecdir=/usr/lib --libdir=/usr/lib --enable-shared --with-system-zlib --enable-long-long --enable-nls --without-included-gettext --disable-libssp --disable-libcc1 --build=x86_64-linux-gnu --host=x86_64-linux-gnu --target=avr ASFLAGS= CFLAGS='-g -O2 -ffile-prefix-map=/build/gcc-avr-VxQ9yL/gcc-avr-5.4.0+Atmel3.6.2=. -flto=auto -ffat-lto-objects -flto=auto -ffat-lto-objects -fstack-protector-strong -Wformat ' CPPFLAGS='-Wdate-time -D_FORTIFY_SOURCE=2' CXXFLAGS='-g -O2 -ffile-prefix-map=/build/gcc-avr-VxQ9yL/gcc-avr-5.4.0+Atmel3.6.2=. -flto=auto -ffat-lto-objects -flto=auto -ffat-lto-objects -fstack-protector-strong -Wformat ' DFLAGS=-frelease FCFLAGS='-g -O2 -ffile-prefix-map=/build/gcc-avr-VxQ9yL/gcc-avr-5.4.0+Atmel3.6.2=. -flto=auto -ffat-lto-objects -flto=auto -ffat-lto-objects -fstack-protector-strong' FFLAGS='-g -O2 -ffile-prefix-map=/build/gcc-avr-VxQ9yL/gcc-avr-5.4.0+Atmel3.6.2=. -flto=auto -ffat-lto-objects -flto=auto -ffat-lto-objects -fstack-protector-strong' GCJFLAGS='-g -O2 -ffile-prefix-map=/build/gcc-avr-VxQ9yL/gcc-avr-5.4.0+Atmel3.6.2=. -flto=auto -ffat-lto-objects -fstack-protector-strong' LDFLAGS='-Wl,-Bsymbolic-functions -flto=auto -ffat-lto-objects -flto=auto -Wl,-z,relro' OBJCFLAGS='-g -O2 -ffile-prefix-map=/build/gcc-avr-VxQ9yL/gcc-avr-5.4.0+Atmel3.6.2=. -flto=auto -ffat-lto-objects -flto=auto -ffat-lto-objects -fstack-protector-strong -Wformat ' OBJCXXFLAGS='-g -O2 -ffile-prefix-map=/build/gcc-avr-VxQ9yL/gcc-avr-5.4.0+Atmel3.6.2=. -flto=auto -ffat-lto-objects -flto=auto -ffat-lto-objects -fstack-protector-strong -Wformat '
Thread model: single
gcc version 5.4.0 (GCC) 
COLLECT_GCC_OPTIONS='-v' '-o' 'CMakeFiles/cmTC_ce21e.dir/CMakeCCompilerABI.c.obj' '-c' '-specs=device-specs/specs-avr2'
 /usr/lib/gcc/avr/5.4.0/cc1 -quiet -v /usr/share/cmake-3.22/Modules/CMakeCCompilerABI.c -mn-flash=1 -mskip-bug -quiet -dumpbase CMakeCCompilerABI.c -auxbase-strip CMakeFiles/cmTC_ce21e.dir/CMakeCCompilerABI.c.obj -version -o /tmp/ccJ9rBMy.s
GNU C11 (GCC) version 5.4.0 (avr)
	compiled by GNU C version 11.2.0, GMP version 6.2.1, MPFR version 4.1.0, MPC version 1.2.1
GGC heuristics: --param ggc-min-expand=100 --param ggc-min-heapsize=131072
ignoring nonexistent directory "/usr/lib/gcc/avr/5.4.0/../../../avr/sys-include"
#include "..." search starts here:
#include <...> search starts here:
 /usr/lib/gcc/avr/5.4.0/include
 /usr/lib/gcc/avr/5.4.0/include-fixed
 /usr/lib/gcc/avr/5.4.0/../../../avr/include
End of search list.
GNU C11 (GCC) version 5.4.0 (avr)
	compiled by GNU C version 11.2.0, GMP version 6.2.1, MPFR version 4.1.0, MPC version 1.2.1
GGC heuristics: --param ggc-min-expand=100 --param ggc-min-heapsize=131072
Compiler executable checksum: 2637c586887de4fb30d92164252586da
COLLECT_GCC_OPTIONS='-v' '-o' 'CMakeFiles/cmTC_ce21e.dir/CMakeCCompilerABI.c.obj' '-c' '-specs=device-specs/specs-avr2'
 /usr/lib/gcc/avr/5.4.0/../../../avr/bin/as -mmcu=avr2 -o CMakeFiles/cmTC_ce21e.dir/CMakeCCompilerABI.c.obj /tmp/ccJ9rBMy.s
COMPILER_PATH=/usr/lib/gcc/avr/5.4.0/:/usr/lib/gcc/avr/5.4.0/:/usr/lib/gcc/avr/:/usr/lib/gcc/avr/5.4.0/:/usr/lib/gcc/avr/:/usr/lib/gcc/avr/5.4.0/../../../avr/bin/
LIBRARY_PATH=/usr/lib/gcc/avr/5.4.0/:/usr/lib/gcc/avr/5.4.0/../../../avr/lib/
COLLECT_GCC_OPTIONS='-v' '-o' 'CMakeFiles/cmTC_ce21e.dir/CMakeCCompilerABI.c.obj' '-c' '-specs=device-specs/specs-avr2'
Linking C executable cmTC_ce21e
/usr/bin/cmake -E cmake_link_script CMakeFiles/cmTC_ce21e.dir/link.txt --verbose=1
/usr/bin/avr-gcc  -v CMakeFiles/cmTC_ce21e.dir/CMakeCCompilerABI.c.obj -o cmTC_ce21e 
Using built-in specs.
Reading specs from /usr/lib/gcc/avr/5.4.0/device-specs/specs-avr2
COLLECT_GCC=/usr/bin/avr-gcc
COLLECT_LTO_WRAPPER=/usr/lib/gcc/avr/5.4.0/lto-wrapper
Target: avr
Configured with: ../gcc/configure -v --enable-languages=c,c++ --prefix=/usr/lib --infodir=/usr/share/info --mandir=/usr/share/man --bindir=/usr/bin --libexecdir=/usr/lib --libdir=/usr/lib --enable-shared --with-system-zlib --enable-long-long --enable-nls --without-included-gettext --disable-libssp --disable-libcc1 --build=x86_64-linux-gnu --host=x86_64-linux-gnu --target=avr ASFLAGS= CFLAGS='-g -O2 -ffile-prefix-map=/build/gcc-avr-VxQ9yL/gcc-avr-5.4.0+Atmel3.6.2=. -flto=auto -ffat-lto-objects -flto=auto -ffat-lto-objects -fstack-protector-strong -Wformat ' CPPFLAGS='-Wdate-time -D_FORTIFY_SOURCE=2' CXXFLAGS='-g -O2 -ffile-prefix-map=/build/gcc-avr-VxQ9yL/gcc-avr-5.4.0+Atmel3.6.2=. -flto=auto -ffat-lto-objects -flto=auto -ffat-lto-objects -fstack-protector-strong -Wformat ' DFLAGS=-frelease FCFLAGS='-g -O2 -ffile-prefix-map=/build/gcc-avr-VxQ9yL/gcc-avr-5.4.0+Atmel3.6.2=. -flto=auto -ffat-lto-objects -flto=auto -ffat-lto-objects -fstack-protector-strong' FFLAGS='-g -O2 -ffile-prefix-map=/build/gcc-avr-VxQ9yL/gcc-avr-5.4.0+Atmel3.6.2=. -flto=auto -ffat-lto-objects -flto=auto -ffat-lto-objects -fstack-protector-strong' GCJFLAGS='-g -O2 -ffile-prefix-map=/build/gcc-avr-VxQ9yL/gcc-avr-5.4.0+Atmel3.6.2=. -flto=auto -ffat-lto-objects -fstack-protector-strong' LDFLAGS='-Wl,-Bsymbolic-functions -flto=auto -ffat-lto-objects -flto=auto -Wl,-z,relro' OBJCFLAGS='-g -O2 -ffile-prefix-map=/build/gcc-avr-VxQ9yL/gcc-avr-5.4.0+Atmel3.6.2=. -flto=auto -ffat-lto-objects -flto=auto -ffat-lto-objects -fstack-protector-strong -Wformat ' OBJCXXFLAGS='-g -O2 -ffile-prefix-map=/build/gcc-avr-VxQ9yL/gcc-avr-5.4.0+Atmel3.6.2=. -flto=auto -ffat-lto-objects -flto=auto -ffat-lto-objects -fstack-protector-strong -Wformat '
Thread model: single
gcc version 5.4.0 (GCC) 
COMPILER_PATH=/usr/lib/gcc/avr/5.4.0/:/usr/lib/gcc/avr/5.4.0/:/usr/lib/gcc/avr/:/usr/lib/gcc/avr/5.4.0/:/usr/lib/gcc/avr/:/usr/lib/gcc/avr/5.4.0/../../../avr/bin/
LIBRARY_PATH=/usr/lib/gcc/avr/5.4.0/:/usr/lib/gcc/avr/5.4.0/../../../avr/lib/
COLLECT_GCC_OPTIONS='-v' '-o' 'cmTC_ce21e' '-specs=device-specs/specs-avr2'
 /usr/lib/gcc/avr/5.4.0/collect2 -plugin /usr/lib/gcc/avr/5.4.0/liblto_plugin.so -plugin-opt=/usr/lib/gcc/avr/5.4.0/lto-wrapper -plugin-opt=-fresolution=/tmp/cc3wvHPG.res -plugin-opt=-pass-through=-lgcc -plugin-opt=-pass-through=-lm -plugin-opt=-pass-through=-lc --pmem-wrap-around=8k -o cmTC_ce21e -L/usr/lib/gcc/avr/5.4.0 -L/usr/lib/gcc/avr/5.4.0/../../../avr/lib CMakeFiles/cmTC_ce21e.dir/CMakeCCompilerABI.c.obj --start-group -lgcc -lm -lc --end-group
gmake[1]: Leaving directory '/home/t0ti20/Desktop/VS-Code/GitHub/SOCs_Drivers/ATmega_32/ATmega_32/build/CMakeFiles/CMakeTmp'



Parsed C implicit include dir info from above output: rv=done
  found start of include info
  found start of implicit include info
    add: [/usr/lib/gcc/avr/5.4.0/include]
    add: [/usr/lib/gcc/avr/5.4.0/include-fixed]
    add: [/usr/lib/gcc/avr/5.4.0/../../../avr/include]
  end of search list found
  collapse include dir [/usr/lib/gcc/avr/5.4.0/include] ==> [/usr/lib/gcc/avr/5.4.0/include]
  collapse include dir [/usr/lib/gcc/avr/5.4.0/include-fixed] ==> [/usr/lib/gcc/avr/5.4.0/include-fixed]
  collapse include dir [/usr/lib/gcc/avr/5.4.0/../../../avr/include] ==> [/usr/lib/avr/include]
  implicit include dirs: [/usr/lib/gcc/avr/5.4.0/include;/usr/lib/gcc/avr/5.4.0/include-fixed;/usr/lib/avr/include]


Parsed C implicit link information from above output:
  link line regex: [^( *|.*[/\])(avr-ld|CMAKE_LINK_STARTFILE-NOTFOUND|([^/\]+-)?ld|collect2)[^/\]*( |$)]
  ignore line: [Change Dir: /home/t0ti20/Desktop/VS-Code/GitHub/SOCs_Drivers/ATmega_32/ATmega_32/build/CMakeFiles/CMakeTmp]
  ignore line: []
  ignore line: [Run Build Command(s):/usr/bin/gmake -f Makefile cmTC_ce21e/fast && /usr/bin/gmake  -f CMakeFiles/cmTC_ce21e.dir/build.make CMakeFiles/cmTC_ce21e.dir/build]
  ignore line: [gmake[1]: Entering directory '/home/t0ti20/Desktop/VS-Code/GitHub/SOCs_Drivers/ATmega_32/ATmega_32/build/CMakeFiles/CMakeTmp']
  ignore line: [Building C object CMakeFiles/cmTC_ce21e.dir/CMakeCCompilerABI.c.obj]
  ignore line: [/usr/bin/avr-gcc   -v -o CMakeFiles/cmTC_ce21e.dir/CMakeCCompilerABI.c.obj -c /usr/share/cmake-3.22/Modules/CMakeCCompilerABI.c]
  ignore line: [Using built-in specs.]
  ignore line: [Reading specs from /usr/lib/gcc/avr/5.4.0/device-specs/specs-avr2]
  ignore line: [COLLECT_GCC=/usr/bin/avr-gcc]
  ignore line: [Target: avr]
  ignore line: [Configured with: ../gcc/configure -v --enable-languages=c c++ --prefix=/usr/lib --infodir=/usr/share/info --mandir=/usr/share/man --bindir=/usr/bin --libexecdir=/usr/lib --libdir=/usr/lib --enable-shared --with-system-zlib --enable-long-long --enable-nls --without-included-gettext --disable-libssp --disable-libcc1 --build=x86_64-linux-gnu --host=x86_64-linux-gnu --target=avr ASFLAGS= CFLAGS='-g -O2 -ffile-prefix-map=/build/gcc-avr-VxQ9yL/gcc-avr-5.4.0+Atmel3.6.2=. -flto=auto -ffat-lto-objects -flto=auto -ffat-lto-objects -fstack-protector-strong -Wformat ' CPPFLAGS='-Wdate-time -D_FORTIFY_SOURCE=2' CXXFLAGS='-g -O2 -ffile-prefix-map=/build/gcc-avr-VxQ9yL/gcc-avr-5.4.0+Atmel3.6.2=. -flto=auto -ffat-lto-objects -flto=auto -ffat-lto-objects -fstack-protector-strong -Wformat ' DFLAGS=-frelease FCFLAGS='-g -O2 -ffile-prefix-map=/build/gcc-avr-VxQ9yL/gcc-avr-5.4.0+Atmel3.6.2=. -flto=auto -ffat-lto-objects -flto=auto -ffat-lto-objects -fstack-protector-strong' FFLAGS='-g -O2 -ffile-prefix-map=/build/gcc-avr-VxQ9yL/gcc-avr-5.4.0+Atmel3.6.2=. -flto=auto -ffat-lto-objects -flto=auto -ffat-lto-objects -fstack-protector-strong' GCJFLAGS='-g -O2 -ffile-prefix-map=/build/gcc-avr-VxQ9yL/gcc-avr-5.4.0+Atmel3.6.2=. -flto=auto -ffat-lto-objects -fstack-protector-strong' LDFLAGS='-Wl -Bsymbolic-functions -flto=auto -ffat-lto-objects -flto=auto -Wl -z relro' OBJCFLAGS='-g -O2 -ffile-prefix-map=/build/gcc-avr-VxQ9yL/gcc-avr-5.4.0+Atmel3.6.2=. -flto=auto -ffat-lto-objects -flto=auto -ffat-lto-objects -fstack-protector-strong -Wformat ' OBJCXXFLAGS='-g -O2 -ffile-prefix-map=/build/gcc-avr-VxQ9yL/gcc-avr-5.4.0+Atmel3.6.2=. -flto=auto -ffat-lto-objects -flto=auto -ffat-lto-objects -fstack-protector-strong -Wformat ']
  ignore line: [Thread model: single]
  ignore line: [gcc version 5.4.0 (GCC) ]
  ignore line: [COLLECT_GCC_OPTIONS='-v' '-o' 'CMakeFiles/cmTC_ce21e.dir/CMakeCCompilerABI.c.obj' '-c' '-specs=device-specs/specs-avr2']
  ignore line: [ /usr/lib/gcc/avr/5.4.0/cc1 -quiet -v /usr/share/cmake-3.22/Modules/CMakeCCompilerABI.c -mn-flash=1 -mskip-bug -quiet -dumpbase CMakeCCompilerABI.c -auxbase-strip CMakeFiles/cmTC_ce21e.dir/CMakeCCompilerABI.c.obj -version -o /tmp/ccJ9rBMy.s]
  ignore line: [GNU C11 (GCC) version 5.4.0 (avr)]
  ignore line: [	compiled by GNU C version 11.2.0  GMP version 6.2.1  MPFR version 4.1.0  MPC version 1.2.1]
  ignore line: [GGC heuristics: --param ggc-min-expand=100 --param ggc-min-heapsize=131072]
  ignore line: [ignoring nonexistent directory "/usr/lib/gcc/avr/5.4.0/../../../avr/sys-include"]
  ignore line: [#include "..." search starts here:]
  ignore line: [#include <...> search starts here:]
  ignore line: [ /usr/lib/gcc/avr/5.4.0/include]
  ignore line: [ /usr/lib/gcc/avr/5.4.0/include-fixed]
  ignore line: [ /usr/lib/gcc/avr/5.4.0/../../../avr/include]
  ignore line: [End of search list.]
  ignore line: [GNU C11 (GCC) version 5.4.0 (avr)]
  ignore line: [	compiled by GNU C version 11.2.0  GMP version 6.2.1  MPFR version 4.1.0  MPC version 1.2.1]
  ignore line: [GGC heuristics: --param ggc-min-expand=100 --param ggc-min-heapsize=131072]
  ignore line: [Compiler executable checksum: 2637c586887de4fb30d92164252586da]
  ignore line: [COLLECT_GCC_OPTIONS='-v' '-o' 'CMakeFiles/cmTC_ce21e.dir/CMakeCCompilerABI.c.obj' '-c' '-specs=device-specs/specs-avr2']
  ignore line: [ /usr/lib/gcc/avr/5.4.0/../../../avr/bin/as -mmcu=avr2 -o CMakeFiles/cmTC_ce21e.dir/CMakeCCompilerABI.c.obj /tmp/ccJ9rBMy.s]
  ignore line: [COMPILER_PATH=/usr/lib/gcc/avr/5.4.0/:/usr/lib/gcc/avr/5.4.0/:/usr/lib/gcc/avr/:/usr/lib/gcc/avr/5.4.0/:/usr/lib/gcc/avr/:/usr/lib/gcc/avr/5.4.0/../../../avr/bin/]
  ignore line: [LIBRARY_PATH=/usr/lib/gcc/avr/5.4.0/:/usr/lib/gcc/avr/5.4.0/../../../avr/lib/]
  ignore line: [COLLECT_GCC_OPTIONS='-v' '-o' 'CMakeFiles/cmTC_ce21e.dir/CMakeCCompilerABI.c.obj' '-c' '-specs=device-specs/specs-avr2']
  ignore line: [Linking C executable cmTC_ce21e]
  ignore line: [/usr/bin/cmake -E cmake_link_script CMakeFiles/cmTC_ce21e.dir/link.txt --verbose=1]
  ignore line: [/usr/bin/avr-gcc  -v CMakeFiles/cmTC_ce21e.dir/CMakeCCompilerABI.c.obj -o cmTC_ce21e ]
  ignore line: [Using built-in specs.]
  ignore line: [Reading specs from /usr/lib/gcc/avr/5.4.0/device-specs/specs-avr2]
  ignore line: [COLLECT_GCC=/usr/bin/avr-gcc]
  ignore line: [COLLECT_LTO_WRAPPER=/usr/lib/gcc/avr/5.4.0/lto-wrapper]
  ignore line: [Target: avr]
  ignore line: [Configured with: ../gcc/configure -v --enable-languages=c c++ --prefix=/usr/lib --infodir=/usr/share/info --mandir=/usr/share/man --bindir=/usr/bin --libexecdir=/usr/lib --libdir=/usr/lib --enable-shared --with-system-zlib --enable-long-long --enable-nls --without-included-gettext --disable-libssp --disable-libcc1 --build=x86_64-linux-gnu --host=x86_64-linux-gnu --target=avr ASFLAGS= CFLAGS='-g -O2 -ffile-prefix-map=/build/gcc-avr-VxQ9yL/gcc-avr-5.4.0+Atmel3.6.2=. -flto=auto -ffat-lto-objects -flto=auto -ffat-lto-objects -fstack-protector-strong -Wformat ' CPPFLAGS='-Wdate-time -D_FORTIFY_SOURCE=2' CXXFLAGS='-g -O2 -ffile-prefix-map=/build/gcc-avr-VxQ9yL/gcc-avr-5.4.0+Atmel3.6.2=. -flto=auto -ffat-lto-objects -flto=auto -ffat-lto-objects -fstack-protector-strong -Wformat ' DFLAGS=-frelease FCFLAGS='-g -O2 -ffile-prefix-map=/build/gcc-avr-VxQ9yL/gcc-avr-5.4.0+Atmel3.6.2=. -flto=auto -ffat-lto-objects -flto=auto -ffat-lto-objects -fstack-protector-strong' FFLAGS='-g -O2 -ffile-prefix-map=/build/gcc-avr-VxQ9yL/gcc-avr-5.4.0+Atmel3.6.2=. -flto=auto -ffat-lto-objects -flto=auto -ffat-lto-objects -fstack-protector-strong' GCJFLAGS='-g -O2 -ffile-prefix-map=/build/gcc-avr-VxQ9yL/gcc-avr-5.4.0+Atmel3.6.2=. -flto=auto -ffat-lto-objects -fstack-protector-strong' LDFLAGS='-Wl -Bsymbolic-functions -flto=auto -ffat-lto-objects -flto=auto -Wl -z relro' OBJCFLAGS='-g -O2 -ffile-prefix-map=/build/gcc-avr-VxQ9yL/gcc-avr-5.4.0+Atmel3.6.2=. -flto=auto -ffat-lto-objects -flto=auto -ffat-lto-objects -fstack-protector-strong -Wformat ' OBJCXXFLAGS='-g -O2 -ffile-prefix-map=/build/gcc-avr-VxQ9yL/gcc-avr-5.4.0+Atmel3.6.2=. -flto=auto -ffat-lto-objects -flto=auto -ffat-lto-objects -fstack-protector-strong -Wformat ']
  ignore line: [Thread model: single]
  ignore line: [gcc version 5.4.0 (GCC) ]
  ignore line: [COMPILER_PATH=/usr/lib/gcc/avr/5.4.0/:/usr/lib/gcc/avr/5.4.0/:/usr/lib/gcc/avr/:/usr/lib/gcc/avr/5.4.0/:/usr/lib/gcc/avr/:/usr/lib/gcc/avr/5.4.0/../../../avr/bin/]
  ignore line: [LIBRARY_PATH=/usr/lib/gcc/avr/5.4.0/:/usr/lib/gcc/avr/5.4.0/../../../avr/lib/]
  ignore line: [COLLECT_GCC_OPTIONS='-v' '-o' 'cmTC_ce21e' '-specs=device-specs/specs-avr2']
  link line: [ /usr/lib/gcc/avr/5.4.0/collect2 -plugin /usr/lib/gcc/avr/5.4.0/liblto_plugin.so -plugin-opt=/usr/lib/gcc/avr/5.4.0/lto-wrapper -plugin-opt=-fresolution=/tmp/cc3wvHPG.res -plugin-opt=-pass-through=-lgcc -plugin-opt=-pass-through=-lm -plugin-opt=-pass-through=-lc --pmem-wrap-around=8k -o cmTC_ce21e -L/usr/lib/gcc/avr/5.4.0 -L/usr/lib/gcc/avr/5.4.0/../../../avr/lib CMakeFiles/cmTC_ce21e.dir/CMakeCCompilerABI.c.obj --start-group -lgcc -lm -lc --end-group]
    arg [/usr/lib/gcc/avr/5.4.0/collect2] ==> ignore
    arg [-plugin] ==> ignore
    arg [/usr/lib/gcc/avr/5.4.0/liblto_plugin.so] ==> ignore
    arg [-plugin-opt=/usr/lib/gcc/avr/5.4.0/lto-wrapper] ==> ignore
    arg [-plugin-opt=-fresolution=/tmp/cc3wvHPG.res] ==> ignore
    arg [-plugin-opt=-pass-through=-lgcc] ==> ignore
    arg [-plugin-opt=-pass-through=-lm] ==> ignore
    arg [-plugin-opt=-pass-through=-lc] ==> ignore
    arg [--pmem-wrap-around=8k] ==> ignore
    arg [-o] ==> ignore
    arg [cmTC_ce21e] ==> ignore
    arg [-L/usr/lib/gcc/avr/5.4.0] ==> dir [/usr/lib/gcc/avr/5.4.0]
    arg [-L/usr/lib/gcc/avr/5.4.0/../../../avr/lib] ==> dir [/usr/lib/gcc/avr/5.4.0/../../../avr/lib]
    arg [CMakeFiles/cmTC_ce21e.dir/CMakeCCompilerABI.c.obj] ==> ignore
    arg [--start-group] ==> ignore
    arg [-lgcc] ==> lib [gcc]
    arg [-lm] ==> lib [m]
    arg [-lc] ==> lib [c]
    arg [--end-group] ==> ignore
  collapse library dir [/usr/lib/gcc/avr/5.4.0] ==> [/usr/lib/gcc/avr/5.4.0]
  collapse library dir [/usr/lib/gcc/avr/5.4.0/../../../avr/lib] ==> [/usr/lib/avr/lib]
  implicit libs: [gcc;m;c]
  implicit objs: []
  implicit dirs: [/usr/lib/gcc/avr/5.4.0;/usr/lib/avr/lib]
  implicit fwks: []


Detecting CXX compiler ABI info compiled with the following output:
Change Dir: /home/t0ti20/Desktop/VS-Code/GitHub/SOCs_Drivers/ATmega_32/ATmega_32/build/CMakeFiles/CMakeTmp

Run Build Command(s):/usr/bin/gmake -f Makefile cmTC_96229/fast && /usr/bin/gmake  -f CMakeFiles/cmTC_96229.dir/build.make CMakeFiles/cmTC_96229.dir/build
gmake[1]: Entering directory '/home/t0ti20/Desktop/VS-Code/GitHub/SOCs_Drivers/ATmega_32/ATmega_32/build/CMakeFiles/CMakeTmp'
Building CXX object CMakeFiles/cmTC_96229.dir/CMakeCXXCompilerABI.cpp.obj
/usr/bin/avr-g++   -v -o CMakeFiles/cmTC_96229.dir/CMakeCXXCompilerABI.cpp.obj -c /usr/share/cmake-3.22/Modules/CMakeCXXCompilerABI.cpp
Using built-in specs.
Reading specs from /usr/lib/gcc/avr/5.4.0/device-specs/specs-avr2
COLLECT_GCC=/usr/bin/avr-g++
Target: avr
Configured with: ../gcc/configure -v --enable-languages=c,c++ --prefix=/usr/lib --infodir=/usr/share/info --mandir=/usr/share/man --bindir=/usr/bin --libexecdir=/usr/lib --libdir=/usr/lib --enable-shared --with-system-zlib --enable-long-long --enable-nls --without-included-gettext --disable-libssp --disable-libcc1 --build=x86_64-linux-gnu --host=x86_64-linux-gnu --target=avr ASFLAGS= CFLAGS='-g -O2 -ffile-prefix-map=/build/gcc-avr-VxQ9yL/gcc-avr-5.4.0+Atmel3.6.2=. -flto=auto -ffat-lto-objects -flto=auto -ffat-lto-objects -fstack-protector-strong -Wformat ' CPPFLAGS='-Wdate-time -D_FORTIFY_SOURCE=2' CXXFLAGS='-g -O2 -ffile-prefix-map=/build/gcc-avr-VxQ9yL/gcc-avr-5.4.0+Atmel3.6.2=. -flto=auto -ffat-lto-objects -flto=auto -ffat-lto-objects -fstack-protector-strong -Wformat ' DFLAGS=-frelease FCFLAGS='-g -O2 -ffile-prefix-map=/build/gcc-avr-VxQ9yL/gcc-avr-5.4.0+Atmel3.6.2=. -flto=auto -ffat-lto-objects -flto=auto -ffat-lto-objects -fstack-protector-strong' FFLAGS='-g -O2 -ffile-prefix-map=/build/gcc-avr-VxQ9yL/gcc-avr-5.4.0+Atmel3.6.2=. -flto=auto -ffat-lto-objects -flto=auto -ffat-lto-objects -fstack-protector-strong' GCJFLAGS='-g -O2 -ffile-prefix-map=/build/gcc-avr-VxQ9yL/gcc-avr-5.4.0+Atmel3.6.2=. -flto=auto -ffat-lto-objects -fstack-protector-strong' LDFLAGS='-Wl,-Bsymbolic-functions -flto=auto -ffat-lto-objects -flto=auto -Wl,-z,relro' OBJCFLAGS='-g -O2 -ffile-prefix-map=/build/gcc-avr-VxQ9yL/gcc-avr-5.4.0+Atmel3.6.2=. -flto=auto -ffat-lto-objects -flto=auto -ffat-lto-objects -fstack-protector-strong -Wformat ' OBJCXXFLAGS='-g -O2 -ffile-prefix-map=/build/gcc-avr-VxQ9yL/gcc-avr-5.4.0+Atmel3.6.2=. -flto=auto -ffat-lto-objects -flto=auto -ffat-lto-objects -fstack-protector-strong -Wformat '
Thread model: single
gcc version 5.4.0 (GCC) 
COLLECT_GCC_OPTIONS='-v' '-o' 'CMakeFiles/cmTC_96229.dir/CMakeCXXCompilerABI.cpp.obj' '-c' '-specs=device-specs/specs-avr2'
 /usr/lib/gcc/avr/5.4.0/cc1plus -quiet -v /usr/share/cmake-3.22/Modules/CMakeCXXCompilerABI.cpp -mn-flash=1 -mskip-bug -quiet -dumpbase CMakeCXXCompilerABI.cpp -auxbase-strip CMakeFiles/cmTC_96229.dir/CMakeCXXCompilerABI.cpp.obj -version -mn-flash=1 -mskip-bug -fno-rtti -fno-enforce-eh-specs -fno-exceptions -o /tmp/ccKqsDhB.s
GNU C++ (GCC) version 5.4.0 (avr)
	compiled by GNU C version 11.2.0, GMP version 6.2.1, MPFR version 4.1.0, MPC version 1.2.1
GGC heuristics: --param ggc-min-expand=100 --param ggc-min-heapsize=131072
ignoring nonexistent directory "/usr/lib/gcc/avr/5.4.0/../../../avr/include/c++/5.4.0"
ignoring nonexistent directory "/usr/lib/gcc/avr/5.4.0/../../../avr/include/c++/5.4.0/avr"
ignoring nonexistent directory "/usr/lib/gcc/avr/5.4.0/../../../avr/include/c++/5.4.0/backward"
ignoring nonexistent directory "/usr/lib/gcc/avr/5.4.0/../../../avr/sys-include"
#include "..." search starts here:
#include <...> search starts here:
 /usr/lib/gcc/avr/5.4.0/include
 /usr/lib/gcc/avr/5.4.0/include-fixed
 /usr/lib/gcc/avr/5.4.0/../../../avr/include
End of search list.
GNU C++ (GCC) version 5.4.0 (avr)
	compiled by GNU C version 11.2.0, GMP version 6.2.1, MPFR version 4.1.0, MPC version 1.2.1
GGC heuristics: --param ggc-min-expand=100 --param ggc-min-heapsize=131072
Compiler executable checksum: ea5d3a4bd11dbcb3b1357bc8b2d578da
COLLECT_GCC_OPTIONS='-v' '-o' 'CMakeFiles/cmTC_96229.dir/CMakeCXXCompilerABI.cpp.obj' '-c' '-specs=device-specs/specs-avr2'
 /usr/lib/gcc/avr/5.4.0/../../../avr/bin/as -mmcu=avr2 -o CMakeFiles/cmTC_96229.dir/CMakeCXXCompilerABI.cpp.obj /tmp/ccKqsDhB.s
COMPILER_PATH=/usr/lib/gcc/avr/5.4.0/:/usr/lib/gcc/avr/5.4.0/:/usr/lib/gcc/avr/:/usr/lib/gcc/avr/5.4.0/:/usr/lib/gcc/avr/:/usr/lib/gcc/avr/5.4.0/../../../avr/bin/
LIBRARY_PATH=/usr/lib/gcc/avr/5.4.0/:/usr/lib/gcc/avr/5.4.0/../../../avr/lib/
COLLECT_GCC_OPTIONS='-v' '-o' 'CMakeFiles/cmTC_96229.dir/CMakeCXXCompilerABI.cpp.obj' '-c' '-specs=device-specs/specs-avr2'
Linking CXX executable cmTC_96229
/usr/bin/cmake -E cmake_link_script CMakeFiles/cmTC_96229.dir/link.txt --verbose=1
/usr/bin/avr-g++  -v CMakeFiles/cmTC_96229.dir/CMakeCXXCompilerABI.cpp.obj -o cmTC_96229 
Using built-in specs.
Reading specs from /usr/lib/gcc/avr/5.4.0/device-specs/specs-avr2
COLLECT_GCC=/usr/bin/avr-g++
COLLECT_LTO_WRAPPER=/usr/lib/gcc/avr/5.4.0/lto-wrapper
Target: avr
Configured with: ../gcc/configure -v --enable-languages=c,c++ --prefix=/usr/lib --infodir=/usr/share/info --mandir=/usr/share/man --bindir=/usr/bin --libexecdir=/usr/lib --libdir=/usr/lib --enable-shared --with-system-zlib --enable-long-long --enable-nls --without-included-gettext --disable-libssp --disable-libcc1 --build=x86_64-linux-gnu --host=x86_64-linux-gnu --target=avr ASFLAGS= CFLAGS='-g -O2 -ffile-prefix-map=/build/gcc-avr-VxQ9yL/gcc-avr-5.4.0+Atmel3.6.2=. -flto=auto -ffat-lto-objects -flto=auto -ffat-lto-objects -fstack-protector-strong -Wformat ' CPPFLAGS='-Wdate-time -D_FORTIFY_SOURCE=2' CXXFLAGS='-g -O2 -ffile-prefix-map=/build/gcc-avr-VxQ9yL/gcc-avr-5.4.0+Atmel3.6.2=. -flto=auto -ffat-lto-objects -flto=auto -ffat-lto-objects -fstack-protector-strong -Wformat ' DFLAGS=-frelease FCFLAGS='-g -O2 -ffile-prefix-map=/build/gcc-avr-VxQ9yL/gcc-avr-5.4.0+Atmel3.6.2=. -flto=auto -ffat-lto-objects -flto=auto -ffat-lto-objects -fstack-protector-strong' FFLAGS='-g -O2 -ffile-prefix-map=/build/gcc-avr-VxQ9yL/gcc-avr-5.4.0+Atmel3.6.2=. -flto=auto -ffat-lto-objects -flto=auto -ffat-lto-objects -fstack-protector-strong' GCJFLAGS='-g -O2 -ffile-prefix-map=/build/gcc-avr-VxQ9yL/gcc-avr-5.4.0+Atmel3.6.2=. -flto=auto -ffat-lto-objects -fstack-protector-strong' LDFLAGS='-Wl,-Bsymbolic-functions -flto=auto -ffat-lto-objects -flto=auto -Wl,-z,relro' OBJCFLAGS='-g -O2 -ffile-prefix-map=/build/gcc-avr-VxQ9yL/gcc-avr-5.4.0+Atmel3.6.2=. -flto=auto -ffat-lto-objects -flto=auto -ffat-lto-objects -fstack-protector-strong -Wformat ' OBJCXXFLAGS='-g -O2 -ffile-prefix-map=/build/gcc-avr-VxQ9yL/gcc-avr-5.4.0+Atmel3.6.2=. -flto=auto -ffat-lto-objects -flto=auto -ffat-lto-objects -fstack-protector-strong -Wformat '
Thread model: single
gcc version 5.4.0 (GCC) 
COMPILER_PATH=/usr/lib/gcc/avr/5.4.0/:/usr/lib/gcc/avr/5.4.0/:/usr/lib/gcc/avr/:/usr/lib/gcc/avr/5.4.0/:/usr/lib/gcc/avr/:/usr/lib/gcc/avr/5.4.0/../../../avr/bin/
LIBRARY_PATH=/usr/lib/gcc/avr/5.4.0/:/usr/lib/gcc/avr/5.4.0/../../../avr/lib/
COLLECT_GCC_OPTIONS='-v' '-o' 'cmTC_96229' '-specs=device-specs/specs-avr2'
 /usr/lib/gcc/avr/5.4.0/collect2 -plugin /usr/lib/gcc/avr/5.4.0/liblto_plugin.so -plugin-opt=/usr/lib/gcc/avr/5.4.0/lto-wrapper -plugin-opt=-fresolution=/tmp/cc0daI2a.res -plugin-opt=-pass-through=-lgcc -plugin-opt=-pass-through=-lm -plugin-opt=-pass-through=-lc --pmem-wrap-around=8k -o cmTC_96229 -L/usr/lib/gcc/avr/5.4.0 -L/usr/lib/gcc/avr/5.4.0/../../../avr/lib CMakeFiles/cmTC_96229.dir/CMakeCXXCompilerABI.cpp.obj -lgcc -lm --start-group -lgcc -lm -lc --end-group
gmake[1]: Leaving directory '/home/t0ti20/Desktop/VS-Code/GitHub/SOCs_Drivers/ATmega_32/ATmega_32/build/CMakeFiles/CMakeTmp'



Parsed CXX implicit include dir info from above output: rv=done
  found start of include info
  found start of implicit include info
    add: [/usr/lib/gcc/avr/5.4.0/include]
    add: [/usr/lib/gcc/avr/5.4.0/include-fixed]
    add: [/usr/lib/gcc/avr/5.4.0/../../../avr/include]
  end of search list found
  collapse include dir [/usr/lib/gcc/avr/5.4.0/include] ==> [/usr/lib/gcc/avr/5.4.0/include]
  collapse include dir [/usr/lib/gcc/avr/5.4.0/include-fixed] ==> [/usr/lib/gcc/avr/5.4.0/include-fixed]
  collapse include dir [/usr/lib/gcc/avr/5.4.0/../../../avr/include] ==> [/usr/lib/avr/include]
  implicit include dirs: [/usr/lib/gcc/avr/5.4.0/include;/usr/lib/gcc/avr/5.4.0/include-fixed;/usr/lib/avr/include]


Parsed CXX implicit link information from above output:
  link line regex: [^( *|.*[/\])(avr-ld|CMAKE_LINK_STARTFILE-NOTFOUND|([^/\]+-)?ld|collect2)[^/\]*( |$)]
  ignore line: [Change Dir: /home/t0ti20/Desktop/VS-Code/GitHub/SOCs_Drivers/ATmega_32/ATmega_32/build/CMakeFiles/CMakeTmp]
  ignore line: []
  ignore line: [Run Build Command(s):/usr/bin/gmake -f Makefile cmTC_96229/fast && /usr/bin/gmake  -f CMakeFiles/cmTC_96229.dir/build.make CMakeFiles/cmTC_96229.dir/build]
  ignore line: [gmake[1]: Entering directory '/home/t0ti20/Desktop/VS-Code/GitHub/SOCs_Drivers/ATmega_32/ATmega_32/build/CMakeFiles/CMakeTmp']
  ignore line: [Building CXX object CMakeFiles/cmTC_96229.dir/CMakeCXXCompilerABI.cpp.obj]
  ignore line: [/usr/bin/avr-g++   -v -o CMakeFiles/cmTC_96229.dir/CMakeCXXCompilerABI.cpp.obj -c /usr/share/cmake-3.22/Modules/CMakeCXXCompilerABI.cpp]
  ignore line: [Using built-in specs.]
  ignore line: [Reading specs from /usr/lib/gcc/avr/5.4.0/device-specs/specs-avr2]
  ignore line: [COLLECT_GCC=/usr/bin/avr-g++]
  ignore line: [Target: avr]
  ignore line: [Configured with: ../gcc/configure -v --enable-languages=c c++ --prefix=/usr/lib --infodir=/usr/share/info --mandir=/usr/share/man --bindir=/usr/bin --libexecdir=/usr/lib --libdir=/usr/lib --enable-shared --with-system-zlib --enable-long-long --enable-nls --without-included-gettext --disable-libssp --disable-libcc1 --build=x86_64-linux-gnu --host=x86_64-linux-gnu --target=avr ASFLAGS= CFLAGS='-g -O2 -ffile-prefix-map=/build/gcc-avr-VxQ9yL/gcc-avr-5.4.0+Atmel3.6.2=. -flto=auto -ffat-lto-objects -flto=auto -ffat-lto-objects -fstack-protector-strong -Wformat ' CPPFLAGS='-Wdate-time -D_FORTIFY_SOURCE=2' CXXFLAGS='-g -O2 -ffile-prefix-map=/build/gcc-avr-VxQ9yL/gcc-avr-5.4.0+Atmel3.6.2=. -flto=auto -ffat-lto-objects -flto=auto -ffat-lto-objects -fstack-protector-strong -Wformat ' DFLAGS=-frelease FCFLAGS='-g -O2 -ffile-prefix-map=/build/gcc-avr-VxQ9yL/gcc-avr-5.4.0+Atmel3.6.2=. -flto=auto -ffat-lto-objects -flto=auto -ffat-lto-objects -fstack-protector-strong' FFLAGS='-g -O2 -ffile-prefix-map=/build/gcc-avr-VxQ9yL/gcc-avr-5.4.0+Atmel3.6.2=. -flto=auto -ffat-lto-objects -flto=auto -ffat-lto-objects -fstack-protector-strong' GCJFLAGS='-g -O2 -ffile-prefix-map=/build/gcc-avr-VxQ9yL/gcc-avr-5.4.0+Atmel3.6.2=. -flto=auto -ffat-lto-objects -fstack-protector-strong' LDFLAGS='-Wl -Bsymbolic-functions -flto=auto -ffat-lto-objects -flto=auto -Wl -z relro' OBJCFLAGS='-g -O2 -ffile-prefix-map=/build/gcc-avr-VxQ9yL/gcc-avr-5.4.0+Atmel3.6.2=. -flto=auto -ffat-lto-objects -flto=auto -ffat-lto-objects -fstack-protector-strong -Wformat ' OBJCXXFLAGS='-g -O2 -ffile-prefix-map=/build/gcc-avr-VxQ9yL/gcc-avr-5.4.0+Atmel3.6.2=. -flto=auto -ffat-lto-objects -flto=auto -ffat-lto-objects -fstack-protector-strong -Wformat ']
  ignore line: [Thread model: single]
  ignore line: [gcc version 5.4.0 (GCC) ]
  ignore line: [COLLECT_GCC_OPTIONS='-v' '-o' 'CMakeFiles/cmTC_96229.dir/CMakeCXXCompilerABI.cpp.obj' '-c' '-specs=device-specs/specs-avr2']
  ignore line: [ /usr/lib/gcc/avr/5.4.0/cc1plus -quiet -v /usr/share/cmake-3.22/Modules/CMakeCXXCompilerABI.cpp -mn-flash=1 -mskip-bug -quiet -dumpbase CMakeCXXCompilerABI.cpp -auxbase-strip CMakeFiles/cmTC_96229.dir/CMakeCXXCompilerABI.cpp.obj -version -mn-flash=1 -mskip-bug -fno-rtti -fno-enforce-eh-specs -fno-exceptions -o /tmp/ccKqsDhB.s]
  ignore line: [GNU C++ (GCC) version 5.4.0 (avr)]
  ignore line: [	compiled by GNU C version 11.2.0  GMP version 6.2.1  MPFR version 4.1.0  MPC version 1.2.1]
  ignore line: [GGC heuristics: --param ggc-min-expand=100 --param ggc-min-heapsize=131072]
  ignore line: [ignoring nonexistent directory "/usr/lib/gcc/avr/5.4.0/../../../avr/include/c++/5.4.0"]
  ignore line: [ignoring nonexistent directory "/usr/lib/gcc/avr/5.4.0/../../../avr/include/c++/5.4.0/avr"]
  ignore line: [ignoring nonexistent directory "/usr/lib/gcc/avr/5.4.0/../../../avr/include/c++/5.4.0/backward"]
  ignore line: [ignoring nonexistent directory "/usr/lib/gcc/avr/5.4.0/../../../avr/sys-include"]
  ignore line: [#include "..." search starts here:]
  ignore line: [#include <...> search starts here:]
  ignore line: [ /usr/lib/gcc/avr/5.4.0/include]
  ignore line: [ /usr/lib/gcc/avr/5.4.0/include-fixed]
  ignore line: [ /usr/lib/gcc/avr/5.4.0/../../../avr/include]
  ignore line: [End of search list.]
  ignore line: [GNU C++ (GCC) version 5.4.0 (avr)]
  ignore line: [	compiled by GNU C version 11.2.0  GMP version 6.2.1  MPFR version 4.1.0  MPC version 1.2.1]
  ignore line: [GGC heuristics: --param ggc-min-expand=100 --param ggc-min-heapsize=131072]
  ignore line: [Compiler executable checksum: ea5d3a4bd11dbcb3b1357bc8b2d578da]
  ignore line: [COLLECT_GCC_OPTIONS='-v' '-o' 'CMakeFiles/cmTC_96229.dir/CMakeCXXCompilerABI.cpp.obj' '-c' '-specs=device-specs/specs-avr2']
  ignore line: [ /usr/lib/gcc/avr/5.4.0/../../../avr/bin/as -mmcu=avr2 -o CMakeFiles/cmTC_96229.dir/CMakeCXXCompilerABI.cpp.obj /tmp/ccKqsDhB.s]
  ignore line: [COMPILER_PATH=/usr/lib/gcc/avr/5.4.0/:/usr/lib/gcc/avr/5.4.0/:/usr/lib/gcc/avr/:/usr/lib/gcc/avr/5.4.0/:/usr/lib/gcc/avr/:/usr/lib/gcc/avr/5.4.0/../../../avr/bin/]
  ignore line: [LIBRARY_PATH=/usr/lib/gcc/avr/5.4.0/:/usr/lib/gcc/avr/5.4.0/../../../avr/lib/]
  ignore line: [COLLECT_GCC_OPTIONS='-v' '-o' 'CMakeFiles/cmTC_96229.dir/CMakeCXXCompilerABI.cpp.obj' '-c' '-specs=device-specs/specs-avr2']
  ignore line: [Linking CXX executable cmTC_96229]
  ignore line: [/usr/bin/cmake -E cmake_link_script CMakeFiles/cmTC_96229.dir/link.txt --verbose=1]
  ignore line: [/usr/bin/avr-g++  -v CMakeFiles/cmTC_96229.dir/CMakeCXXCompilerABI.cpp.obj -o cmTC_96229 ]
  ignore line: [Using built-in specs.]
  ignore line: [Reading specs from /usr/lib/gcc/avr/5.4.0/device-specs/specs-avr2]
  ignore line: [COLLECT_GCC=/usr/bin/avr-g++]
  ignore line: [COLLECT_LTO_WRAPPER=/usr/lib/gcc/avr/5.4.0/lto-wrapper]
  ignore line: [Target: avr]
  ignore line: [Configured with: ../gcc/configure -v --enable-languages=c c++ --prefix=/usr/lib --infodir=/usr/share/info --mandir=/usr/share/man --bindir=/usr/bin --libexecdir=/usr/lib --libdir=/usr/lib --enable-shared --with-system-zlib --enable-long-long --enable-nls --without-included-gettext --disable-libssp --disable-libcc1 --build=x86_64-linux-gnu --host=x86_64-linux-gnu --target=avr ASFLAGS= CFLAGS='-g -O2 -ffile-prefix-map=/build/gcc-avr-VxQ9yL/gcc-avr-5.4.0+Atmel3.6.2=. -flto=auto -ffat-lto-objects -flto=auto -ffat-lto-objects -fstack-protector-strong -Wformat ' CPPFLAGS='-Wdate-time -D_FORTIFY_SOURCE=2' CXXFLAGS='-g -O2 -ffile-prefix-map=/build/gcc-avr-VxQ9yL/gcc-avr-5.4.0+Atmel3.6.2=. -flto=auto -ffat-lto-objects -flto=auto -ffat-lto-objects -fstack-protector-strong -Wformat ' DFLAGS=-frelease FCFLAGS='-g -O2 -ffile-prefix-map=/build/gcc-avr-VxQ9yL/gcc-avr-5.4.0+Atmel3.6.2=. -flto=auto -ffat-lto-objects -flto=auto -ffat-lto-objects -fstack-protector-strong' FFLAGS='-g -O2 -ffile-prefix-map=/build/gcc-avr-VxQ9yL/gcc-avr-5.4.0+Atmel3.6.2=. -flto=auto -ffat-lto-objects -flto=auto -ffat-lto-objects -fstack-protector-strong' GCJFLAGS='-g -O2 -ffile-prefix-map=/build/gcc-avr-VxQ9yL/gcc-avr-5.4.0+Atmel3.6.2=. -flto=auto -ffat-lto-objects -fstack-protector-strong' LDFLAGS='-Wl -Bsymbolic-functions -flto=auto -ffat-lto-objects -flto=auto -Wl -z relro' OBJCFLAGS='-g -O2 -ffile-prefix-map=/build/gcc-avr-VxQ9yL/gcc-avr-5.4.0+Atmel3.6.2=. -flto=auto -ffat-lto-objects -flto=auto -ffat-lto-objects -fstack-protector-strong -Wformat ' OBJCXXFLAGS='-g -O2 -ffile-prefix-map=/build/gcc-avr-VxQ9yL/gcc-avr-5.4.0+Atmel3.6.2=. -flto=auto -ffat-lto-objects -flto=auto -ffat-lto-objects -fstack-protector-strong -Wformat ']
  ignore line: [Thread model: single]
  ignore line: [gcc version 5.4.0 (GCC) ]
  ignore line: [COMPILER_PATH=/usr/lib/gcc/avr/5.4.0/:/usr/lib/gcc/avr/5.4.0/:/usr/lib/gcc/avr/:/usr/lib/gcc/avr/5.4.0/:/usr/lib/gcc/avr/:/usr/lib/gcc/avr/5.4.0/../../../avr/bin/]
  ignore line: [LIBRARY_PATH=/usr/lib/gcc/avr/5.4.0/:/usr/lib/gcc/avr/5.4.0/../../../avr/lib/]
  ignore line: [COLLECT_GCC_OPTIONS='-v' '-o' 'cmTC_96229' '-specs=device-specs/specs-avr2']
  link line: [ /usr/lib/gcc/avr/5.4.0/collect2 -plugin /usr/lib/gcc/avr/5.4.0/liblto_plugin.so -plugin-opt=/usr/lib/gcc/avr/5.4.0/lto-wrapper -plugin-opt=-fresolution=/tmp/cc0daI2a.res -plugin-opt=-pass-through=-lgcc -plugin-opt=-pass-through=-lm -plugin-opt=-pass-through=-lc --pmem-wrap-around=8k -o cmTC_96229 -L/usr/lib/gcc/avr/5.4.0 -L/usr/lib/gcc/avr/5.4.0/../../../avr/lib CMakeFiles/cmTC_96229.dir/CMakeCXXCompilerABI.cpp.obj -lgcc -lm --start-group -lgcc -lm -lc --end-group]
    arg [/usr/lib/gcc/avr/5.4.0/collect2] ==> ignore
    arg [-plugin] ==> ignore
    arg [/usr/lib/gcc/avr/5.4.0/liblto_plugin.so] ==> ignore
    arg [-plugin-opt=/usr/lib/gcc/avr/5.4.0/lto-wrapper] ==> ignore
    arg [-plugin-opt=-fresolution=/tmp/cc0daI2a.res] ==> ignore
    arg [-plugin-opt=-pass-through=-lgcc] ==> ignore
    arg [-plugin-opt=-pass-through=-lm] ==> ignore
    arg [-plugin-opt=-pass-through=-lc] ==> ignore
    arg [--pmem-wrap-around=8k] ==> ignore
    arg [-o] ==> ignore
    arg [cmTC_96229] ==> ignore
    arg [-L/usr/lib/gcc/avr/5.4.0] ==> dir [/usr/lib/gcc/avr/5.4.0]
    arg [-L/usr/lib/gcc/avr/5.4.0/../../../avr/lib] ==> dir [/usr/lib/gcc/avr/5.4.0/../../../avr/lib]
    arg [CMakeFiles/cmTC_96229.dir/CMakeCXXCompilerABI.cpp.obj] ==> ignore
    arg [-lgcc] ==> lib [gcc]
    arg [-lm] ==> lib [m]
    arg [--start-group] ==> ignore
    arg [-lgcc] ==> lib [gcc]
    arg [-lm] ==> lib [m]
    arg [-lc] ==> lib [c]
    arg [--end-group] ==> ignore
  collapse library dir [/usr/lib/gcc/avr/5.4.0] ==> [/usr/lib/gcc/avr/5.4.0]
  collapse library dir [/usr/lib/gcc/avr/5.4.0/../../../avr/lib] ==> [/usr/lib/avr/lib]
  implicit libs: [gcc;m;gcc;m;c]
  implicit objs: []
  implicit dirs: [/usr/lib/gcc/avr/5.4.0;/usr/lib/avr/lib]
  implicit fwks: []


